Jan 12, 2016 2:18:39 PM com.crawler.tentacle.Tentacle visit
INFO: 
Jan 12, 2016 2:18:39 PM com.crawler.tentacle.Tentacle visit
INFO: {"content":[":【微软反垄断调查：国产IT厂商10多条证据指控】记者获得安全杀毒厂商与微软答辩会记录材料显示，至少3家安全杀毒厂商提出10多条因Windows操作系统不开放、开放不充分致国内安全软件公司在Windows上生存空间被压缩的证据。微软对国外杀毒软件提供更多API接口，对国内延迟甚至不提供"],"app":["来自微博 weibo.com"],"link":["http://weibo.cn/chinabusinessjournal"],"name":["中国经营报"],"date":["1分钟前"]}
Jan 12, 2016 2:18:39 PM com.crawler.tentacle.Tentacle visit
INFO: {"content":[":我想知道你过得好不好，我到现在都还记得你的扣扣号你家的地址你的手机号你一到雨天就会脚跟疼，不曾忘记哪怕我不在你的身边"],"app":["来自微博树洞"],"link":["http://weibo.cn/u/5103578591"],"name":["微博树洞"],"date":["1分钟前"]}
Jan 12, 2016 2:18:39 PM com.crawler.tentacle.Tentacle visit
INFO: {"content":[":中国报讯：财政部宣布豁免4所学校共140万令吉建校消费税，即三民独中、圣心女中、养正小学及坤成一校。"],"app":["来自微博 weibo.com"],"link":["http://weibo.cn/chinapress"],"name":["中国报微博"],"date":["2分钟前"]}
Jan 12, 2016 2:18:39 PM com.crawler.tentacle.Tentacle visit
INFO: {"content":[":【深圳GDP破2万亿，追近香港】深圳2015年全市生产总值达17500亿元人民币，增长8.9%左右。按最新汇率计算，约合20636亿港元，追近香港。据深圳市委书记马兴瑞透露，2016年，深圳经济增长预期目标为8%-8.5%。2016年深圳GDP超过香港，还是有可能的。（大公网）"],"app":["来自微博 weibo.com"],"link":["http://weibo.cn/21cbh"],"name":["21世纪经济报道"],"date":["6分钟前"]}
Jan 12, 2016 2:18:39 PM com.crawler.tentacle.Tentacle visit
INFO: {"content":[":真心受不了天天 时时刻刻发微博"],"app":["来自微博树洞"],"link":["http://weibo.cn/u/5103578591"],"name":["微博树洞"],"date":["6分钟前"]}
Jan 12, 2016 2:18:39 PM com.crawler.tentacle.Tentacle visit
INFO: {"content":[":【房贷降息本月见效 100万商贷20年少还17万】从今年1月1号开始，房贷开始执行降低后的利率：五年以上的商业贷款基准利率从6.15%降到4.9%，如果在去年首次降息前办理100万元贷款，贷款期限20年，采用等额本息还款方式，总利息为74.02万元，经过五次降息后，总利息为57.06万元↓↓（央视财经）"],"app":["来自微博 weibo.com"],"link":["http://weibo.cn/mrjjxw"],"name":["每日经济新闻"],"date":["8分钟前"]}
Jan 12, 2016 2:18:39 PM com.crawler.tentacle.Tentacle visit
INFO: {"content":[":【职场人走向卓越的10条经验】1、时刻坚持高标准；2、仔细权衡，做出最优决策；3、但求卓越，不谋哗众；4、对挫折给予即时的回击；5、心存高远，不为小事所累；6、抛开小我，取得更大成就；7、不可失信于人；8、建成效于良好的人际沟通；9、保持清醒，防止自我膨胀；10、吸取经验，发展自我。"],"app":["来自微博 weibo.com"],"link":["http://weibo.cn/cctvzqt"],"name":["证券资讯博览"],"date":["9分钟前"]}
Jan 12, 2016 2:18:39 PM com.crawler.tentacle.Tentacle visit
INFO: {"content":[":【他与邓文迪离婚后 娶了她】据外媒报道，现年84岁的新闻集团总裁默多克（Rupert Murdoch）与59岁的前模特女友杰瑞霍尔宣布订婚。据悉，这将是默多克的第四段婚姻。"],"app":["来自微博 weibo.com"],"link":["http://weibo.cn/takungpao"],"name":["大公-大公W"],"date":["11分钟前"]}
Jan 12, 2016 2:18:39 PM com.crawler.tentacle.Tentacle visit
INFO: {"content":[":树洞 我喜欢一个哥哥，比我大三岁，可他有女票，都谈了四年了！我不想当小三，但我好喜欢他，怎么办"],"app":["来自微博树洞"],"link":["http://weibo.cn/u/5103578591"],"name":["微博树洞"],"date":["11分钟前"]}
Jan 12, 2016 2:18:39 PM com.crawler.tentacle.Tentacle visit
INFO: {"content":["【现场：61岁厦大校长示范直臂撑双杠25秒 鼓励锻炼】近日，厦大校长朱崇实在全校体育工作大会上，为鼓励大家进行体育锻炼，现场表演标准直腿支撑动作25秒！61岁的朱崇实校长两手撑在椅子把手上，两腿打得直直的，挺直腰板，表情淡定[good] 视频戳:"],"app":["来自微博 weibo.com"],"link":["http://weibo.cn/breakingnews"],"name":["头条新闻"],"date":["13分钟前"]}
